<?xml version="1.0" encoding="UTF-8"?>
<!-- Generated by org.testng.reporters.JUnitReportReporter -->
<testsuite skipped="0" hostname="HIBAIL55565" name="com.qa.seleniumtests.BrokenLinksTest" tests="1" failures="0" timestamp="18 Nov 2019 10:58:01 GMT" time="70.025" errors="0">
  <testcase name="verifyToFindTheBrokenLinksTest" time="70.025" classname="com.qa.seleniumtests.BrokenLinksTest"/>
</testsuite> <!-- com.qa.seleniumtests.BrokenLinksTest -->
